[ 2026-06-20 01:07:32,855 ] 31 root - INFO - Starting data ingestion process.
[ 2026-06-20 01:07:32,856 ] 34 root - INFO - Reading merged 10-season EPL dataset
[ 2026-06-20 01:07:32,972 ] 45 root - INFO - Raw data saved successfully.
[ 2026-06-20 01:07:32,972 ] 47 root - INFO - Splitting chronologically by season (no shuffling)
[ 2026-06-20 01:07:33,015 ] 63 root - INFO - Train: 3040 | Val: 380 | Test: 380 matches
[ 2026-06-20 01:07:33,015 ] 288 root - INFO - Reading train / val / test splits from DataIngestion
[ 2026-06-20 01:07:33,094 ] 301 root - INFO - Full dataset shape before feature engineering: (3800, 23)
[ 2026-06-20 01:07:33,094 ] 96 root - INFO - Engineering pre-match features (Elo, form, H2H, rest days)
[ 2026-06-20 01:07:33,848 ] 305 root - INFO - Featured dataset shape: (3800, 23)
[ 2026-06-20 01:07:33,901 ] 310 root - INFO - Saved featured data \u2192 artifacts\featured_data.csv
[ 2026-06-20 01:07:33,910 ] 322 root - INFO - Re-split sizes Ś Train: 3040 | Val: 380 | Test: 380
[ 2026-06-20 01:07:33,914 ] 338 root - INFO - Fitting preprocessor on training data
[ 2026-06-20 01:07:33,993 ] 350 root - INFO - Saving preprocessor and numpy arrays
[ 2026-06-20 01:07:33,998 ] 359 root - INFO - Preprocessor saved \u2192 artifacts\preprocessor.pkl
[ 2026-06-20 01:07:33,998 ] 360 root - INFO - train_array shape: (3040, 19)
[ 2026-06-20 01:07:33,998 ] 361 root - INFO - val_array shape:   (380, 19)
[ 2026-06-20 01:07:33,999 ] 362 root - INFO - test_array shape:  (380, 19)
[ 2026-06-20 01:07:34,001 ] 346 root - INFO - X_train: (3040, 18) | X_val: (380, 18)
[ 2026-06-20 01:07:34,001 ] 347 root - INFO - Class dist (train) Ś H:1379 D:686 A:975
[ 2026-06-20 01:07:34,001 ] 351 root - INFO - Class dist (val)   Ś H:155 D:93 A:132
[ 2026-06-20 01:07:34,001 ] 231 root - INFO - 
============================================================
[ 2026-06-20 01:07:34,001 ] 232 root - INFO - PHASE 1 Ś Default-parameter comparison
[ 2026-06-20 01:07:34,002 ] 233 root - INFO - ============================================================
[ 2026-06-20 01:07:34,002 ] 236 root - INFO - 
\u2192 Training: Logistic Regression
[ 2026-06-20 01:07:34,080 ] 198 root - INFO -   [Train] acc=0.5135 | f1_w=0.5194 | logloss=0.9924
[ 2026-06-20 01:07:34,112 ] 198 root - INFO -   [Val  ] acc=0.4974 | f1_w=0.4894 | logloss=1.0118
[ 2026-06-20 01:07:34,112 ] 236 root - INFO - 
\u2192 Training: Random Forest
[ 2026-06-20 01:07:35,224 ] 198 root - INFO -   [Train] acc=0.9977 | f1_w=0.9977 | logloss=0.2575
[ 2026-06-20 01:07:35,444 ] 198 root - INFO -   [Val  ] acc=0.5079 | f1_w=0.4826 | logloss=1.0197
[ 2026-06-20 01:07:35,444 ] 236 root - INFO - 
\u2192 Training: XGBoost
[ 2026-06-20 01:07:36,472 ] 198 root - INFO -   [Train] acc=0.6773 | f1_w=0.6474 | logloss=0.7423
[ 2026-06-20 01:07:36,507 ] 198 root - INFO -   [Val  ] acc=0.5184 | f1_w=0.4506 | logloss=1.0241
[ 2026-06-20 01:07:36,507 ] 236 root - INFO - 
\u2192 Training: LightGBM
[ 2026-06-20 01:07:38,594 ] 198 root - INFO -   [Train] acc=0.9612 | f1_w=0.9612 | logloss=0.4187
[ 2026-06-20 01:07:38,646 ] 198 root - INFO -   [Val  ] acc=0.4658 | f1_w=0.4559 | logloss=1.0918
[ 2026-06-20 01:07:38,646 ] 236 root - INFO - 
\u2192 Training: KNN
[ 2026-06-20 01:07:41,830 ] 198 root - INFO -   [Train] acc=0.9980 | f1_w=0.9980 | logloss=0.0036
[ 2026-06-20 01:07:41,868 ] 198 root - INFO -   [Val  ] acc=0.4868 | f1_w=0.4522 | logloss=1.3035
[ 2026-06-20 01:07:41,868 ] 253 root - INFO - 
============================================================
[ 2026-06-20 01:07:41,868 ] 254 root - INFO - Phase 1 winner: Logistic Regression  (val f1_weighted=0.4894)
[ 2026-06-20 01:07:41,868 ] 255 root - INFO - ============================================================
[ 2026-06-20 01:07:41,888 ] 273 root - INFO - 
============================================================
[ 2026-06-20 01:07:41,888 ] 274 root - INFO - PHASE 2 Ś Hyperparameter tuning: Logistic Regression
[ 2026-06-20 01:07:41,889 ] 275 root - INFO - ============================================================
[ 2026-06-20 01:07:50,979 ] 303 root - INFO - Best params found:
  {'solver': 'saga', 'penalty': 'l2', 'C': 1.0}
[ 2026-06-20 01:07:50,979 ] 304 root - INFO - Best CV f1_weighted: 0.5073
[ 2026-06-20 01:07:50,979 ] 307 root - INFO - 
--- Tuned model metrics ---
[ 2026-06-20 01:07:51,011 ] 198 root - INFO -   [Train] acc=0.5128 | f1_w=0.5187 | logloss=0.9924
[ 2026-06-20 01:07:51,032 ] 198 root - INFO -   [Val  ] acc=0.4974 | f1_w=0.4894 | logloss=1.0118
[ 2026-06-20 01:07:51,035 ] 210 root - INFO - Confusion Matrix (rows=Actual, cols=Predicted):
[ 2026-06-20 01:07:51,035 ] 211 root - INFO -              |   Pred H |   Pred D |   Pred A
[ 2026-06-20 01:07:51,035 ] 213 root - INFO -   Act Home Win |       97 |       24 |       34
[ 2026-06-20 01:07:51,035 ] 213 root - INFO -   Act Draw     |       38 |       19 |       36
[ 2026-06-20 01:07:51,035 ] 213 root - INFO -   Act Away Win |       27 |       32 |       73
[ 2026-06-20 01:07:51,049 ] 373 root - INFO - 
Full classification report (val):
              precision    recall  f1-score   support

    Home Win       0.60      0.63      0.61       155
        Draw       0.25      0.20      0.23        93
    Away Win       0.51      0.55      0.53       132

    accuracy                           0.50       380
   macro avg       0.45      0.46      0.46       380
weighted avg       0.48      0.50      0.49       380

[ 2026-06-20 01:07:51,051 ] 388 root - INFO - Model report saved \u2192 artifacts\model_report.json
[ 2026-06-20 01:07:51,053 ] 395 root - INFO - Model saved \u2192 artifacts\model.pkl
[ 2026-06-20 01:07:51,053 ] 398 root - INFO - 
\u2705 ModelTrainer complete. Best val f1_weighted: 0.4894
