[ 2026-06-21 00:58:54,645 ] 31 root - INFO - Starting data ingestion process.
[ 2026-06-21 00:58:54,646 ] 34 root - INFO - Reading merged 10-season EPL dataset
[ 2026-06-21 00:58:54,716 ] 45 root - INFO - Raw data saved successfully.
[ 2026-06-21 00:58:54,716 ] 47 root - INFO - Splitting chronologically by season (no shuffling)
[ 2026-06-21 00:58:54,746 ] 63 root - INFO - Train: 3040 | Val: 380 | Test: 380 matches
[ 2026-06-21 00:58:54,746 ] 350 root - INFO - Reading train / val / test splits from DataIngestion
[ 2026-06-21 00:58:54,791 ] 363 root - INFO - Full dataset shape before feature engineering: (3800, 23)
[ 2026-06-21 00:58:54,791 ] 98 root - INFO - Engineering pre-match features (Elo, form, H2H, rest days)
[ 2026-06-21 00:58:55,248 ] 367 root - INFO - Featured dataset shape: (3800, 23)
[ 2026-06-21 00:58:55,280 ] 372 root - INFO - Saved featured data \u2192 artifacts\featured_data.csv
[ 2026-06-21 00:58:55,283 ] 384 root - INFO - Re-split sizes — Train: 3040 | Val: 380 | Test: 380
[ 2026-06-21 00:58:55,285 ] 400 root - INFO - Fitting preprocessor on training data
[ 2026-06-21 00:58:55,326 ] 412 root - INFO - Saving preprocessor and numpy arrays
[ 2026-06-21 00:58:55,329 ] 421 root - INFO - Preprocessor saved \u2192 artifacts\preprocessor.pkl
[ 2026-06-21 00:58:55,329 ] 422 root - INFO - train_array shape: (3040, 19)
[ 2026-06-21 00:58:55,329 ] 423 root - INFO - val_array shape:   (380, 19)
[ 2026-06-21 00:58:55,329 ] 424 root - INFO - test_array shape:  (380, 19)
[ 2026-06-21 00:58:55,637 ] 293 root - INFO - Team states saved \u2192 artifacts\team_states.json  (34 teams)
[ 2026-06-21 00:58:57,086 ] 112 root - INFO - MLflow tracking URI : sqlite:///mlflow.db
MLflow experiment   : EPL_Match_Outcome_Prediction
Run  'mlflow ui --port 5001'  to inspect results.
[ 2026-06-21 00:58:57,086 ] 442 root - INFO - X_train: (3040, 18) | X_val: (380, 18)
[ 2026-06-21 00:58:57,086 ] 443 root - INFO - Class dist (train) — H:1379 D:686 A:975
[ 2026-06-21 00:58:57,086 ] 447 root - INFO - Class dist (val)   — H:155 D:93 A:132
[ 2026-06-21 00:58:57,447 ] 286 root - INFO - 
============================================================
[ 2026-06-21 00:58:57,447 ] 287 root - INFO - PHASE 1 — Default-parameter comparison
[ 2026-06-21 00:58:57,447 ] 288 root - INFO - ============================================================
[ 2026-06-21 00:58:57,447 ] 291 root - INFO - 
\u2192 Training: Logistic Regression
[ 2026-06-21 00:58:57,510 ] 231 root - INFO -   [Train] acc=0.5135 | f1_w=0.5194 | logloss=0.9924
[ 2026-06-21 00:58:57,519 ] 231 root - INFO -   [Val  ] acc=0.4974 | f1_w=0.4894 | logloss=1.0118
[ 2026-06-21 00:59:16,194 ] 291 root - INFO - 
\u2192 Training: Random Forest
[ 2026-06-21 00:59:16,987 ] 231 root - INFO -   [Train] acc=0.9977 | f1_w=0.9977 | logloss=0.2575
[ 2026-06-21 00:59:17,128 ] 231 root - INFO -   [Val  ] acc=0.5079 | f1_w=0.4826 | logloss=1.0197
[ 2026-06-21 00:59:26,432 ] 291 root - INFO - 
\u2192 Training: XGBoost
[ 2026-06-21 00:59:27,110 ] 231 root - INFO -   [Train] acc=0.6773 | f1_w=0.6474 | logloss=0.7423
[ 2026-06-21 00:59:27,138 ] 231 root - INFO -   [Val  ] acc=0.5184 | f1_w=0.4506 | logloss=1.0241
[ 2026-06-21 00:59:33,353 ] 291 root - INFO - 
\u2192 Training: LightGBM
[ 2026-06-21 00:59:34,126 ] 231 root - INFO -   [Train] acc=0.9612 | f1_w=0.9612 | logloss=0.4187
[ 2026-06-21 00:59:34,162 ] 231 root - INFO -   [Val  ] acc=0.4658 | f1_w=0.4559 | logloss=1.0918
[ 2026-06-21 00:59:44,804 ] 291 root - INFO - 
\u2192 Training: KNN
[ 2026-06-21 00:59:47,703 ] 231 root - INFO -   [Train] acc=0.9980 | f1_w=0.9980 | logloss=0.0036
[ 2026-06-21 00:59:47,726 ] 231 root - INFO -   [Val  ] acc=0.4868 | f1_w=0.4522 | logloss=1.3035
[ 2026-06-21 00:59:58,954 ] 326 root - INFO - 
============================================================
[ 2026-06-21 00:59:58,954 ] 327 root - INFO - Phase 1 winner: Logistic Regression  (val f1_weighted=0.4894)
[ 2026-06-21 00:59:58,954 ] 328 root - INFO - ============================================================
[ 2026-06-21 00:59:58,979 ] 351 root - INFO - 
============================================================
[ 2026-06-21 00:59:58,979 ] 352 root - INFO - PHASE 2 — Hyperparameter tuning: Logistic Regression
[ 2026-06-21 00:59:58,979 ] 353 root - INFO - ============================================================
[ 2026-06-21 01:00:05,425 ] 393 root - INFO - Best params found:
  {'solver': 'saga', 'penalty': 'l2', 'C': 1.0}
[ 2026-06-21 01:00:05,425 ] 394 root - INFO - Best CV f1_weighted: 0.5073
[ 2026-06-21 01:00:05,446 ] 401 root - INFO - 
--- Tuned model metrics ---
[ 2026-06-21 01:00:05,460 ] 231 root - INFO -   [Train] acc=0.5128 | f1_w=0.5187 | logloss=0.9924
[ 2026-06-21 01:00:05,471 ] 231 root - INFO -   [Val  ] acc=0.4974 | f1_w=0.4894 | logloss=1.0118
[ 2026-06-21 01:00:05,473 ] 265 root - INFO - Confusion Matrix (rows=Actual, cols=Predicted):
[ 2026-06-21 01:00:05,474 ] 266 root - INFO -              |   Pred H |   Pred D |   Pred A
[ 2026-06-21 01:00:05,474 ] 268 root - INFO -   Act Home Win |       97 |       24 |       34
[ 2026-06-21 01:00:05,474 ] 268 root - INFO -   Act Draw     |       38 |       19 |       36
[ 2026-06-21 01:00:05,474 ] 268 root - INFO -   Act Away Win |       27 |       32 |       73
[ 2026-06-21 01:00:05,511 ] 506 root - INFO - 
Full classification report (val):
              precision    recall  f1-score   support

    Home Win       0.60      0.63      0.61       155
        Draw       0.25      0.20      0.23        93
    Away Win       0.51      0.55      0.53       132

    accuracy                           0.50       380
   macro avg       0.45      0.46      0.46       380
weighted avg       0.48      0.50      0.49       380

[ 2026-06-21 01:00:05,513 ] 522 root - INFO - Model report saved \u2192 artifacts\model_report.json
[ 2026-06-21 01:00:05,524 ] 533 root - INFO - Model saved \u2192 artifacts\model.pkl
[ 2026-06-21 01:00:05,526 ] 538 root - INFO - 
\u2705 ModelTrainer complete. Best val f1_weighted: 0.4894
